#
# There is insufficient memory for the Java Runtime Environment to continue.
# Native memory allocation (malloc) failed to allocate 1048576 bytes for AllocateHeap
# Possible reasons:
#   The system is out of physical RAM or swap space
#   The process is running with CompressedOops enabled, and the Java Heap may be blocking the growth of the native heap
# Possible solutions:
#   Reduce memory load on the system
#   Increase physical memory or swap space
#   Check if swap backing store is full
#   Decrease Java heap size (-Xmx/-Xms)
#   Decrease number of Java threads
#   Decrease Java thread stack sizes (-Xss)
#   Set larger code cache with -XX:ReservedCodeCacheSize=
#   JVM is running with Unscaled Compressed Oops mode in which the Java heap is
#     placed in the first 4GB address space. The Java Heap base address is the
#     maximum limit for the native heap growth. Please use -XX:HeapBaseMinAddress
#     to set the Java Heap base and to place the Java Heap above 4GB virtual address.
# This output file may be truncated or incomplete.
#
#  Out of Memory Error (memory/allocation.inline.hpp:61), pid=9576, tid=0x00000000000053d0
#
# JRE version:  (8.0_202-b08) (build )
# Java VM: Java HotSpot(TM) 64-Bit Server VM (25.202-b08 mixed mode windows-amd64 compressed oops)
# Failed to write core dump. Minidumps are not enabled by default on client versions of Windows
#

---------------  T H R E A D  ---------------

Current thread (0x000000000248e800):  JavaThread "Unknown thread" [_thread_in_vm, id=21456, stack(0x00000000024d0000,0x00000000025d0000)]

Stack: [0x00000000024d0000,0x00000000025d0000]
[error occurred during error reporting (printing stack bounds), id 0xc0000005]

Native frames: (J=compiled Java code, j=interpreted, Vv=VM code, C=native code)


---------------  P R O C E S S  ---------------

Java Threads: ( => current thread )

Other Threads:

=>0x000000000248e800 (exited) JavaThread "Unknown thread" [_thread_in_vm, id=21456, stack(0x00000000024d0000,0x00000000025d0000)]

VM state:not at safepoint (normal execution)

VM Mutex/Monitor currently owned by a thread: None

heap address: 0x0000000081c00000, size: 2020 MB, Compressed Oops mode: 32-bit
Narrow klass base: 0x0000000000000000, Narrow klass shift: 3
Compressed class space size: 1073741824 Address: 0x0000000100000000

Heap:
 PSYoungGen      total 38400K, used 665K [0x00000000d5f00000, 0x00000000d8980000, 0x0000000100000000)
  eden space 33280K, 2% used [0x00000000d5f00000,0x00000000d5fa6670,0x00000000d7f80000)
  from space 5120K, 0% used [0x00000000d8480000,0x00000000d8480000,0x00000000d8980000)
  to   space 5120K, 0% used [0x00000000d7f80000,0x00000000d7f80000,0x00000000d8480000)
 ParOldGen       total 87552K, used 0K [0x0000000081c00000, 0x0000000087180000, 0x00000000d5f00000)
  object space 87552K, 0% used [0x0000000081c00000,0x0000000081c00000,0x0000000087180000)
 Metaspace       used 786K, capacity 1156K, committed 1408K, reserved 1060864K
  class space    used 76K, capacity 384K, committed 384K, reserved 1048576K

Card table byte_map: [0x0000000011ac0000,0x0000000011ec0000] byte_map_base: 0x00000000116b2000

Marking Bits: (ParMarkBitMap*) 0x00000000630f5ce0
 Begin Bits: [0x0000000012970000, 0x0000000014900000)
 End Bits:   [0x0000000014900000, 0x0000000016890000)

Polling page: 0x0000000000820000

CodeCache: size=245760Kb used=328Kb max_used=328Kb free=245431Kb
 bounds [0x0000000002700000, 0x0000000002970000, 0x0000000011700000]
 total_blobs=58 nmethods=0 adapters=38
 compilation: enabled

Compilation events (0 events):
No events

GC Heap History (0 events):
No events

Deoptimization events (0 events):
No events

Classes redefined (0 events):
No events

Internal exceptions (0 events):
No events

Events (10 events):
Event: 0.025 loading class java/lang/Short
Event: 0.025 loading class java/lang/Short done
Event: 0.025 loading class java/lang/Integer
Event: 0.025 loading class java/lang/Integer done
Event: 0.025 loading class java/lang/Long
Event: 0.025 loading class java/lang/Long done
Event: 0.026 loading class java/lang/NullPointerException
Event: 0.026 loading class java/lang/NullPointerException done
Event: 0.026 loading class java/lang/ArithmeticException
Event: 0.026 loading class java/lang/ArithmeticException done


Dynamic libraries:
0x00007ff7da970000 - 0x00007ff7da9a7000 	C:\Program Files\Java\jdk1.8.0_202\bin\java.exe
0x00007ffe6eef0000 - 0x00007ffe6f0e8000 	C:\Windows\SYSTEM32\ntdll.dll
0x00007ffe6edf0000 - 0x00007ffe6eead000 	C:\Windows\System32\KERNEL32.DLL
0x00007ffe6cb30000 - 0x00007ffe6cdfe000 	C:\Windows\System32\KERNELBASE.dll
0x00007ffe6e360000 - 0x00007ffe6e40e000 	C:\Windows\System32\ADVAPI32.dll
0x00007ffe6ea40000 - 0x00007ffe6eade000 	C:\Windows\System32\msvcrt.dll
0x00007ffe6d7a0000 - 0x00007ffe6d83c000 	C:\Windows\System32\sechost.dll
0x00007ffe6e070000 - 0x00007ffe6e195000 	C:\Windows\System32\RPCRT4.dll
0x00007ffe6eae0000 - 0x00007ffe6ec80000 	C:\Windows\System32\USER32.dll
0x00007ffe6c7c0000 - 0x00007ffe6c7e2000 	C:\Windows\System32\win32u.dll
0x00007ffe6ec80000 - 0x00007ffe6ecaa000 	C:\Windows\System32\GDI32.dll
0x00007ffe6c610000 - 0x00007ffe6c71b000 	C:\Windows\System32\gdi32full.dll
0x00007ffe6c720000 - 0x00007ffe6c7bd000 	C:\Windows\System32\msvcp_win.dll
0x00007ffe6c9a0000 - 0x00007ffe6caa0000 	C:\Windows\System32\ucrtbase.dll
0x00007ffe593a0000 - 0x00007ffe5963a000 	C:\Windows\WinSxS\amd64_microsoft.windows.common-controls_6595b64144ccf1df_6.0.19041.1110_none_60b5254171f9507e\COMCTL32.dll
0x00007ffe6ecb0000 - 0x00007ffe6ece0000 	C:\Windows\System32\IMM32.DLL
0x00000000627f0000 - 0x00000000628c2000 	C:\Program Files\Java\jdk1.8.0_202\jre\bin\msvcr100.dll
0x00000000628d0000 - 0x0000000063175000 	C:\Program Files\Java\jdk1.8.0_202\jre\bin\server\jvm.dll
0x00007ffe6e880000 - 0x00007ffe6e888000 	C:\Windows\System32\PSAPI.DLL
0x00007ffe66040000 - 0x00007ffe6604a000 	C:\Windows\SYSTEM32\VERSION.dll
0x00007ffe4fbf0000 - 0x00007ffe4fc17000 	C:\Windows\SYSTEM32\WINMM.dll
0x00007ffe57110000 - 0x00007ffe57119000 	C:\Windows\SYSTEM32\WSOCK32.dll
0x00007ffe6e000000 - 0x00007ffe6e06b000 	C:\Windows\System32\WS2_32.dll
0x00007ffe56a00000 - 0x00007ffe56a0f000 	C:\Program Files\Java\jdk1.8.0_202\jre\bin\verify.dll
0x00007ffe43030000 - 0x00007ffe43059000 	C:\Program Files\Java\jdk1.8.0_202\jre\bin\java.dll
0x00007ffe569e0000 - 0x00007ffe569f6000 	C:\Program Files\Java\jdk1.8.0_202\jre\bin\zip.dll

VM Arguments:
jvm_args: -Dfile.encoding=UTF-8 
java_command: com.alyqamar.myshop.view.ProductJFrame
java_class_path (initial): C:\codeLib\mssql-jdbc-10.2.1.jre8.jar;D:\1. Keep Going!\3. Basics Programming\1. JAVA\1. SkillsBus Diploma\Projects\myShop\build\classes
Launcher Type: SUN_STANDARD

Environment Variables:
JAVA_HOME=C:\Program Files\Java\jdk-17.0.1
PATH=C:\Program Files\Common Files\Oracle\Java\javapath;C:\Program Files (x86)\Common Files\Oracle\Java\javapath;C:\Windows\system32;C:\Windows;C:\Windows\System32\Wbem;C:\Windows\System32\WindowsPowerShell\v1.0\;C:\Windows\System32\OpenSSH\;C:\Program Files (x86)\Calibre2\;C:\Program Files\MATLAB\MATLAB Production Server\R2013a\runtime\win64;C:\Program Files\MATLAB\MATLAB Production Server\R2013a\bin;C:\Aldec\Active-HDL-Student-Edition\bin;C:\Aldec\Active-HDL-Student-Edition_2\bin;C:\Program Files\Java\jdk-17.0.1\bin;C:\Users\home\AppData\Local\Programs\Python\Python310;C:\Program Files\Git\cmd;C:\Program Files (x86)\Microsoft SQL Server\140\Tools\Binn\;C:\Program Files\Microsoft SQL Server\140\Tools\Binn\;C:\Program Files (x86)\Microsoft SQL Server\140\DTS\Binn\;C:\Program Files\Microsoft SQL Server\140\DTS\Binn\;C:\Program Files\Microsoft SQL Server\Client SDK\ODBC\130\Tools\Binn\;C:\Program Files (x86)\Microsoft SQL Server\150\DTS\Binn\;C:\Program Files\Azure Data Studio\bin;C:\Users\home\AppData\Local\Microsoft\WindowsApps;C:\Users\home\AppData\Local\Programs\Microsoft VS Code\bin;C:\Users\home\AppData\Local\gitkraken\bin;C:\Program Files\Azure Data Studio\bin
USERNAME=home
OS=Windows_NT
PROCESSOR_IDENTIFIER=Intel64 Family 6 Model 142 Stepping 10, GenuineIntel



---------------  S Y S T E M  ---------------

OS: Windows 10.0 , 64 bit Build 19041 (10.0.19041.1806)

CPU:total 8 (initial active 8) (4 cores per cpu, 2 threads per core) family 6 model 142 stepping 10, cmov, cx8, fxsr, mmx, sse, sse2, sse3, ssse3, sse4.1, sse4.2, popcnt, avx, avx2, aes, clmul, erms, 3dnowpref, lzcnt, ht, tsc, tscinvbit, bmi1, bmi2, adx

Memory: 4k page, physical 8267540k(659704k free), swap 16373260k(5364k free)

vm_info: Java HotSpot(TM) 64-Bit Server VM (25.202-b08) for windows-amd64 JRE (1.8.0_202-b08), built on Dec 15 2018 19:54:30 by "java_re" with MS VC++ 10.0 (VS2010)

time: Sun Aug 07 19:44:21 2022
timezone: Egypt Standard Time
elapsed time: 0 seconds (0d 0h 0m 0s)

